2014-06-09 13:34:50,525 - [INFO] - from play in pool-4-thread-6 
Listening for HTTP on /0:0:0:0:0:0:0:0:9000

2014-06-09 13:35:16,202 - [ERROR] - from application in New I/O worker #1 


! @6ife0f8na - Internal server error, for (GET) [/people] ->

play.PlayExceptions$CompilationException: Compilation error[could not find implicit value for parameter connection: java.sql.Connection]
	at play.PlayReloader$$anon$1$$anonfun$reload$2$$anonfun$apply$14$$anonfun$apply$16.apply(PlayReloader.scala:304) ~[na:na]
	at play.PlayReloader$$anon$1$$anonfun$reload$2$$anonfun$apply$14$$anonfun$apply$16.apply(PlayReloader.scala:304) ~[na:na]
	at scala.Option.map(Option.scala:145) ~[scala-library.jar:na]
	at play.PlayReloader$$anon$1$$anonfun$reload$2$$anonfun$apply$14.apply(PlayReloader.scala:304) ~[na:na]
	at play.PlayReloader$$anon$1$$anonfun$reload$2$$anonfun$apply$14.apply(PlayReloader.scala:298) ~[na:na]
	at scala.Option.map(Option.scala:145) ~[scala-library.jar:na]
	at play.PlayReloader$$anon$1$$anonfun$reload$2.apply(PlayReloader.scala:298) ~[na:na]
	at play.PlayReloader$$anon$1$$anonfun$reload$2.apply(PlayReloader.scala:296) ~[na:na]
	at scala.util.Either$LeftProjection.map(Either.scala:377) ~[scala-library.jar:na]
	at play.PlayReloader$$anon$1.reload(PlayReloader.scala:296) ~[na:na]
	at play.core.ReloadableApplication$$anonfun$get$1.apply(ApplicationProvider.scala:104) ~[play_2.10.jar:2.2.3]
	at play.core.ReloadableApplication$$anonfun$get$1.apply(ApplicationProvider.scala:102) ~[play_2.10.jar:2.2.3]
	at scala.concurrent.impl.Future$PromiseCompletingRunnable.liftedTree1$1(Future.scala:24) ~[scala-library.jar:na]
	at scala.concurrent.impl.Future$PromiseCompletingRunnable.run(Future.scala:24) ~[scala-library.jar:na]
	at scala.concurrent.forkjoin.ForkJoinTask$AdaptedRunnableAction.exec(ForkJoinTask.java:1361) ~[scala-library.jar:na]
	at scala.concurrent.forkjoin.ForkJoinTask.doExec(ForkJoinTask.java:260) ~[scala-library.jar:na]
	at scala.concurrent.forkjoin.ForkJoinPool$WorkQueue.runTask(ForkJoinPool.java:1339) ~[scala-library.jar:na]
	at scala.concurrent.forkjoin.ForkJoinPool.runWorker(ForkJoinPool.java:1979) ~[scala-library.jar:na]
	at scala.concurrent.forkjoin.ForkJoinWorkerThread.run(ForkJoinWorkerThread.java:107) ~[scala-library.jar:na]

2014-06-09 13:35:16,319 - [WARN] - from play in New I/O worker #1 
No application found at invoker init

2014-06-09 13:36:36,694 - [ERROR] - from application in New I/O worker #1 


! @6ife0jnpn - Internal server error, for (GET) [/people] ->

play.PlayExceptions$CompilationException: Compilation error[error: cannot find symbol]
	at play.PlayReloader$$anon$1$$anonfun$reload$2$$anonfun$apply$14$$anonfun$apply$16.apply(PlayReloader.scala:304) ~[na:na]
	at play.PlayReloader$$anon$1$$anonfun$reload$2$$anonfun$apply$14$$anonfun$apply$16.apply(PlayReloader.scala:304) ~[na:na]
	at scala.Option.map(Option.scala:145) ~[scala-library.jar:na]
	at play.PlayReloader$$anon$1$$anonfun$reload$2$$anonfun$apply$14.apply(PlayReloader.scala:304) ~[na:na]
	at play.PlayReloader$$anon$1$$anonfun$reload$2$$anonfun$apply$14.apply(PlayReloader.scala:298) ~[na:na]
	at scala.Option.map(Option.scala:145) ~[scala-library.jar:na]
	at play.PlayReloader$$anon$1$$anonfun$reload$2.apply(PlayReloader.scala:298) ~[na:na]
	at play.PlayReloader$$anon$1$$anonfun$reload$2.apply(PlayReloader.scala:296) ~[na:na]
	at scala.util.Either$LeftProjection.map(Either.scala:377) ~[scala-library.jar:na]
	at play.PlayReloader$$anon$1.reload(PlayReloader.scala:296) ~[na:na]
	at play.core.ReloadableApplication$$anonfun$get$1.apply(ApplicationProvider.scala:104) ~[play_2.10.jar:2.2.3]
	at play.core.ReloadableApplication$$anonfun$get$1.apply(ApplicationProvider.scala:102) ~[play_2.10.jar:2.2.3]
	at scala.concurrent.impl.Future$PromiseCompletingRunnable.liftedTree1$1(Future.scala:24) ~[scala-library.jar:na]
	at scala.concurrent.impl.Future$PromiseCompletingRunnable.run(Future.scala:24) ~[scala-library.jar:na]
	at scala.concurrent.forkjoin.ForkJoinTask$AdaptedRunnableAction.exec(ForkJoinTask.java:1361) ~[scala-library.jar:na]
	at scala.concurrent.forkjoin.ForkJoinTask.doExec(ForkJoinTask.java:260) ~[scala-library.jar:na]
	at scala.concurrent.forkjoin.ForkJoinPool$WorkQueue.runTask(ForkJoinPool.java:1339) ~[scala-library.jar:na]
	at scala.concurrent.forkjoin.ForkJoinPool.runWorker(ForkJoinPool.java:1979) ~[scala-library.jar:na]
	at scala.concurrent.forkjoin.ForkJoinWorkerThread.run(ForkJoinWorkerThread.java:107) ~[scala-library.jar:na]

2014-06-09 13:37:34,161 - [INFO] - from play in play-internal-execution-context-1 
database [default] connected at jdbc:mysql://localhost/people

2014-06-09 13:37:36,463 - [INFO] - from play in play-internal-execution-context-1 
Application started (Dev)

2014-06-09 13:37:36,984 - [ERROR] - from application in play-akka.actor.default-dispatcher-5 


! @6ife0n94a - Internal server error, for (GET) [/people] ->

play.api.Application$$anon$1: Execution exception[[RuntimeException: UnexpectedNullableFound(ColumnName(people.office,Some(office)))]]
	at play.api.Application$class.handleError(Application.scala:293) ~[play_2.10.jar:2.2.3]
	at play.api.DefaultApplication.handleError(Application.scala:399) [play_2.10.jar:2.2.3]
	at play.core.server.netty.PlayDefaultUpstreamHandler$$anonfun$13$$anonfun$apply$1.applyOrElse(PlayDefaultUpstreamHandler.scala:166) [play_2.10.jar:2.2.3]
	at play.core.server.netty.PlayDefaultUpstreamHandler$$anonfun$13$$anonfun$apply$1.applyOrElse(PlayDefaultUpstreamHandler.scala:163) [play_2.10.jar:2.2.3]
	at scala.runtime.AbstractPartialFunction.apply(AbstractPartialFunction.scala:33) [scala-library.jar:na]
	at scala.util.Failure$$anonfun$recover$1.apply(Try.scala:185) [scala-library.jar:na]
	at scala.util.Try$.apply(Try.scala:161) [scala-library.jar:na]
	at scala.util.Failure.recover(Try.scala:185) [scala-library.jar:na]
	at scala.concurrent.Future$$anonfun$recover$1.apply(Future.scala:324) [scala-library.jar:na]
	at scala.concurrent.Future$$anonfun$recover$1.apply(Future.scala:324) [scala-library.jar:na]
	at scala.concurrent.impl.CallbackRunnable.run(Promise.scala:32) [scala-library.jar:na]
	at play.api.libs.iteratee.Execution$$anon$1.execute(Execution.scala:43) [play-iteratees_2.10.jar:2.2.3]
	at scala.concurrent.impl.CallbackRunnable.executeWithValue(Promise.scala:40) [scala-library.jar:na]
	at scala.concurrent.impl.Promise$DefaultPromise.tryComplete(Promise.scala:248) [scala-library.jar:na]
	at scala.concurrent.Promise$class.complete(Promise.scala:55) [scala-library.jar:na]
	at scala.concurrent.impl.Promise$DefaultPromise.complete(Promise.scala:153) [scala-library.jar:na]
	at scala.concurrent.Future$$anonfun$flatMap$1.apply(Future.scala:249) [scala-library.jar:na]
	at scala.concurrent.Future$$anonfun$flatMap$1.apply(Future.scala:249) [scala-library.jar:na]
	at scala.concurrent.impl.CallbackRunnable.run(Promise.scala:32) [scala-library.jar:na]
	at play.api.libs.iteratee.Execution$$anon$2.execute(Execution.scala:70) [play-iteratees_2.10.jar:2.2.3]
	at scala.concurrent.impl.CallbackRunnable.executeWithValue(Promise.scala:40) [scala-library.jar:na]
	at scala.concurrent.impl.Promise$DefaultPromise.tryComplete(Promise.scala:248) [scala-library.jar:na]
	at scala.concurrent.Promise$class.complete(Promise.scala:55) [scala-library.jar:na]
	at scala.concurrent.impl.Promise$DefaultPromise.complete(Promise.scala:153) [scala-library.jar:na]
	at scala.concurrent.impl.Future$PromiseCompletingRunnable.run(Future.scala:23) [scala-library.jar:na]
	at akka.dispatch.TaskInvocation.run(AbstractDispatcher.scala:42) [akka-actor_2.10.jar:2.2.0]
	at akka.dispatch.ForkJoinExecutorConfigurator$AkkaForkJoinTask.exec(AbstractDispatcher.scala:386) [akka-actor_2.10.jar:2.2.0]
	at scala.concurrent.forkjoin.ForkJoinTask.doExec(ForkJoinTask.java:260) [scala-library.jar:na]
	at scala.concurrent.forkjoin.ForkJoinPool$WorkQueue.runTask(ForkJoinPool.java:1339) [scala-library.jar:na]
	at scala.concurrent.forkjoin.ForkJoinPool.runWorker(ForkJoinPool.java:1979) [scala-library.jar:na]
	at scala.concurrent.forkjoin.ForkJoinWorkerThread.run(ForkJoinWorkerThread.java:107) [scala-library.jar:na]
Caused by: java.lang.RuntimeException: UnexpectedNullableFound(ColumnName(people.office,Some(office)))
	at anorm.MayErr$$anonfun$get$1.apply(Utils.scala:19) ~[anorm_2.10.jar:2.2.3]
	at anorm.MayErr$$anonfun$get$1.apply(Utils.scala:19) ~[anorm_2.10.jar:2.2.3]
	at scala.util.Either.fold(Either.scala:97) ~[scala-library.jar:na]
	at anorm.MayErr.get(Utils.scala:19) ~[anorm_2.10.jar:2.2.3]
	at anorm.Row$class.apply(Anorm.scala:287) ~[anorm_2.10.jar:2.2.3]
	at anorm.SqlRow.apply(Anorm.scala:293) ~[anorm_2.10.jar:2.2.3]
	at models.People$$anonfun$getAll$1$$anonfun$apply$1.apply(PeopleModelScala.scala:26) ~[na:na]
	at models.People$$anonfun$getAll$1$$anonfun$apply$1.apply(PeopleModelScala.scala:24) ~[na:na]
	at scala.collection.immutable.Stream$$anonfun$map$1.apply(Stream.scala:376) ~[scala-library.jar:na]
	at scala.collection.immutable.Stream$$anonfun$map$1.apply(Stream.scala:376) ~[scala-library.jar:na]
	at scala.collection.immutable.Stream$Cons.tail(Stream.scala:1085) ~[scala-library.jar:na]
	at scala.collection.immutable.Stream$Cons.tail(Stream.scala:1077) ~[scala-library.jar:na]
	at scala.collection.immutable.Stream.foreach(Stream.scala:548) ~[scala-library.jar:na]
	at scala.collection.generic.Growable$class.$plus$plus$eq(Growable.scala:48) ~[scala-library.jar:na]
	at scala.collection.mutable.ListBuffer.$plus$plus$eq(ListBuffer.scala:176) ~[scala-library.jar:na]
	at scala.collection.mutable.ListBuffer.$plus$plus$eq(ListBuffer.scala:45) ~[scala-library.jar:na]
	at scala.collection.TraversableLike$class.to(TraversableLike.scala:629) ~[scala-library.jar:na]
	at scala.collection.AbstractTraversable.to(Traversable.scala:105) ~[scala-library.jar:na]
	at scala.collection.TraversableOnce$class.toList(TraversableOnce.scala:257) ~[scala-library.jar:na]
	at scala.collection.AbstractTraversable.toList(Traversable.scala:105) ~[scala-library.jar:na]
	at models.People$$anonfun$getAll$1.apply(PeopleModelScala.scala:27) ~[na:na]
	at models.People$$anonfun$getAll$1.apply(PeopleModelScala.scala:23) ~[na:na]
	at play.api.db.DBApi$class.withConnection(DB.scala:82) ~[play-jdbc_2.10.jar:2.2.3]
	at play.api.db.BoneCPApi.withConnection(DB.scala:276) ~[play-jdbc_2.10.jar:2.2.3]
	at play.api.db.DB$$anonfun$withConnection$3.apply(DB.scala:162) ~[play-jdbc_2.10.jar:2.2.3]
	at play.api.db.DB$$anonfun$withConnection$3.apply(DB.scala:162) ~[play-jdbc_2.10.jar:2.2.3]
	at scala.Option.map(Option.scala:145) ~[scala-library.jar:na]
	at play.api.db.DB$.withConnection(DB.scala:162) ~[play-jdbc_2.10.jar:2.2.3]
	at models.People$.getAll(PeopleModelScala.scala:22) ~[na:na]
	at controllers.PeopleControllerScala$$anonfun$showAllPeople$1.apply(PeopleControllerScala.scala:10) ~[na:na]
	at controllers.PeopleControllerScala$$anonfun$showAllPeople$1.apply(PeopleControllerScala.scala:9) ~[na:na]
	at play.api.mvc.ActionBuilder$$anonfun$apply$10.apply(Action.scala:221) ~[play_2.10.jar:2.2.3]
	at play.api.mvc.ActionBuilder$$anonfun$apply$10.apply(Action.scala:220) ~[play_2.10.jar:2.2.3]
	at play.api.mvc.Action$.invokeBlock(Action.scala:357) ~[play_2.10.jar:2.2.3]
	at play.api.mvc.ActionBuilder$$anon$1.apply(Action.scala:309) ~[play_2.10.jar:2.2.3]
	at play.api.mvc.Action$$anonfun$apply$1$$anonfun$apply$4$$anonfun$apply$5.apply(Action.scala:109) ~[play_2.10.jar:2.2.3]
	at play.api.mvc.Action$$anonfun$apply$1$$anonfun$apply$4$$anonfun$apply$5.apply(Action.scala:109) ~[play_2.10.jar:2.2.3]
	at play.utils.Threads$.withContextClassLoader(Threads.scala:18) ~[play_2.10.jar:2.2.3]
	at play.api.mvc.Action$$anonfun$apply$1$$anonfun$apply$4.apply(Action.scala:108) ~[play_2.10.jar:2.2.3]
	at play.api.mvc.Action$$anonfun$apply$1$$anonfun$apply$4.apply(Action.scala:107) ~[play_2.10.jar:2.2.3]
	at scala.Option.map(Option.scala:145) ~[scala-library.jar:na]
	at play.api.mvc.Action$$anonfun$apply$1.apply(Action.scala:107) ~[play_2.10.jar:2.2.3]
	at play.api.mvc.Action$$anonfun$apply$1.apply(Action.scala:100) ~[play_2.10.jar:2.2.3]
	at play.api.libs.iteratee.Iteratee$$anonfun$mapM$1.apply(Iteratee.scala:481) ~[play-iteratees_2.10.jar:2.2.3]
	at play.api.libs.iteratee.Iteratee$$anonfun$mapM$1.apply(Iteratee.scala:481) ~[play-iteratees_2.10.jar:2.2.3]
	at play.api.libs.iteratee.Iteratee$$anonfun$flatMapM$1.apply(Iteratee.scala:517) ~[play-iteratees_2.10.jar:2.2.3]
	at play.api.libs.iteratee.Iteratee$$anonfun$flatMapM$1.apply(Iteratee.scala:517) ~[play-iteratees_2.10.jar:2.2.3]
	at play.api.libs.iteratee.Iteratee$$anonfun$flatMap$1$$anonfun$apply$13.apply(Iteratee.scala:493) ~[play-iteratees_2.10.jar:2.2.3]
	at play.api.libs.iteratee.Iteratee$$anonfun$flatMap$1$$anonfun$apply$13.apply(Iteratee.scala:493) ~[play-iteratees_2.10.jar:2.2.3]
	at scala.concurrent.impl.Future$PromiseCompletingRunnable.liftedTree1$1(Future.scala:24) [scala-library.jar:na]
	at scala.concurrent.impl.Future$PromiseCompletingRunnable.run(Future.scala:24) [scala-library.jar:na]
	... 6 common frames omitted

2014-06-09 13:40:42,851 - [ERROR] - from application in New I/O worker #1 


! @6ife17o3a - Internal server error, for (GET) [/people] ->

play.PlayExceptions$CompilationException: Compilation error[type mismatch;
 found   : Option[String]
 required: String]
	at play.PlayReloader$$anon$1$$anonfun$reload$2$$anonfun$apply$14$$anonfun$apply$16.apply(PlayReloader.scala:304) ~[na:na]
	at play.PlayReloader$$anon$1$$anonfun$reload$2$$anonfun$apply$14$$anonfun$apply$16.apply(PlayReloader.scala:304) ~[na:na]
	at scala.Option.map(Option.scala:145) ~[scala-library.jar:na]
	at play.PlayReloader$$anon$1$$anonfun$reload$2$$anonfun$apply$14.apply(PlayReloader.scala:304) ~[na:na]
	at play.PlayReloader$$anon$1$$anonfun$reload$2$$anonfun$apply$14.apply(PlayReloader.scala:298) ~[na:na]
	at scala.Option.map(Option.scala:145) ~[scala-library.jar:na]
	at play.PlayReloader$$anon$1$$anonfun$reload$2.apply(PlayReloader.scala:298) ~[na:na]
	at play.PlayReloader$$anon$1$$anonfun$reload$2.apply(PlayReloader.scala:296) ~[na:na]
	at scala.util.Either$LeftProjection.map(Either.scala:377) ~[scala-library.jar:na]
	at play.PlayReloader$$anon$1.reload(PlayReloader.scala:296) ~[na:na]
	at play.core.ReloadableApplication$$anonfun$get$1.apply(ApplicationProvider.scala:104) ~[play_2.10.jar:2.2.3]
	at play.core.ReloadableApplication$$anonfun$get$1.apply(ApplicationProvider.scala:102) ~[play_2.10.jar:2.2.3]
	at scala.concurrent.impl.Future$PromiseCompletingRunnable.liftedTree1$1(Future.scala:24) ~[scala-library.jar:na]
	at scala.concurrent.impl.Future$PromiseCompletingRunnable.run(Future.scala:24) ~[scala-library.jar:na]
	at scala.concurrent.forkjoin.ForkJoinTask$AdaptedRunnableAction.exec(ForkJoinTask.java:1361) ~[scala-library.jar:na]
	at scala.concurrent.forkjoin.ForkJoinTask.doExec(ForkJoinTask.java:260) ~[scala-library.jar:na]
	at scala.concurrent.forkjoin.ForkJoinPool$WorkQueue.runTask(ForkJoinPool.java:1339) ~[scala-library.jar:na]
	at scala.concurrent.forkjoin.ForkJoinPool.runWorker(ForkJoinPool.java:1979) ~[scala-library.jar:na]
	at scala.concurrent.forkjoin.ForkJoinWorkerThread.run(ForkJoinWorkerThread.java:107) ~[scala-library.jar:na]

2014-06-09 13:41:56,266 - [ERROR] - from application in New I/O worker #1 


! @6ife1c2ip - Internal server error, for (GET) [/people] ->

play.PlayExceptions$CompilationException: Compilation error[type mismatch;
 found   : String
 required: Option[String]]
	at play.PlayReloader$$anon$1$$anonfun$reload$2$$anonfun$apply$14$$anonfun$apply$16.apply(PlayReloader.scala:304) ~[na:na]
	at play.PlayReloader$$anon$1$$anonfun$reload$2$$anonfun$apply$14$$anonfun$apply$16.apply(PlayReloader.scala:304) ~[na:na]
	at scala.Option.map(Option.scala:145) ~[scala-library.jar:na]
	at play.PlayReloader$$anon$1$$anonfun$reload$2$$anonfun$apply$14.apply(PlayReloader.scala:304) ~[na:na]
	at play.PlayReloader$$anon$1$$anonfun$reload$2$$anonfun$apply$14.apply(PlayReloader.scala:298) ~[na:na]
	at scala.Option.map(Option.scala:145) ~[scala-library.jar:na]
	at play.PlayReloader$$anon$1$$anonfun$reload$2.apply(PlayReloader.scala:298) ~[na:na]
	at play.PlayReloader$$anon$1$$anonfun$reload$2.apply(PlayReloader.scala:296) ~[na:na]
	at scala.util.Either$LeftProjection.map(Either.scala:377) ~[scala-library.jar:na]
	at play.PlayReloader$$anon$1.reload(PlayReloader.scala:296) ~[na:na]
	at play.core.ReloadableApplication$$anonfun$get$1.apply(ApplicationProvider.scala:104) ~[play_2.10.jar:2.2.3]
	at play.core.ReloadableApplication$$anonfun$get$1.apply(ApplicationProvider.scala:102) ~[play_2.10.jar:2.2.3]
	at scala.concurrent.impl.Future$PromiseCompletingRunnable.liftedTree1$1(Future.scala:24) ~[scala-library.jar:na]
	at scala.concurrent.impl.Future$PromiseCompletingRunnable.run(Future.scala:24) ~[scala-library.jar:na]
	at scala.concurrent.forkjoin.ForkJoinTask$AdaptedRunnableAction.exec(ForkJoinTask.java:1361) ~[scala-library.jar:na]
	at scala.concurrent.forkjoin.ForkJoinTask.doExec(ForkJoinTask.java:260) ~[scala-library.jar:na]
	at scala.concurrent.forkjoin.ForkJoinPool$WorkQueue.runTask(ForkJoinPool.java:1339) ~[scala-library.jar:na]
	at scala.concurrent.forkjoin.ForkJoinPool.runWorker(ForkJoinPool.java:1979) ~[scala-library.jar:na]
	at scala.concurrent.forkjoin.ForkJoinWorkerThread.run(ForkJoinWorkerThread.java:107) ~[scala-library.jar:na]

2014-06-09 13:42:36,834 - [INFO] - from play in play-internal-execution-context-1 
database [default] connected at jdbc:mysql://localhost/people

2014-06-09 13:42:37,061 - [INFO] - from play in play-internal-execution-context-1 
Application started (Dev)

2014-06-09 13:59:58,154 - [ERROR] - from application in New I/O worker #8 


! @6ife3lh41 - Internal server error, for (GET) [/people] ->

play.PlayExceptions$CompilationException: Compilation error[':' expected but identifier found.]
	at play.PlayReloader$$anon$1$$anonfun$reload$2$$anonfun$apply$14$$anonfun$apply$16.apply(PlayReloader.scala:304) ~[na:na]
	at play.PlayReloader$$anon$1$$anonfun$reload$2$$anonfun$apply$14$$anonfun$apply$16.apply(PlayReloader.scala:304) ~[na:na]
	at scala.Option.map(Option.scala:145) ~[scala-library.jar:na]
	at play.PlayReloader$$anon$1$$anonfun$reload$2$$anonfun$apply$14.apply(PlayReloader.scala:304) ~[na:na]
	at play.PlayReloader$$anon$1$$anonfun$reload$2$$anonfun$apply$14.apply(PlayReloader.scala:298) ~[na:na]
	at scala.Option.map(Option.scala:145) ~[scala-library.jar:na]
	at play.PlayReloader$$anon$1$$anonfun$reload$2.apply(PlayReloader.scala:298) ~[na:na]
	at play.PlayReloader$$anon$1$$anonfun$reload$2.apply(PlayReloader.scala:296) ~[na:na]
	at scala.util.Either$LeftProjection.map(Either.scala:377) ~[scala-library.jar:na]
	at play.PlayReloader$$anon$1.reload(PlayReloader.scala:296) ~[na:na]
	at play.core.ReloadableApplication$$anonfun$get$1.apply(ApplicationProvider.scala:104) ~[play_2.10.jar:2.2.3]
	at play.core.ReloadableApplication$$anonfun$get$1.apply(ApplicationProvider.scala:102) ~[play_2.10.jar:2.2.3]
	at scala.concurrent.impl.Future$PromiseCompletingRunnable.liftedTree1$1(Future.scala:24) ~[scala-library.jar:na]
	at scala.concurrent.impl.Future$PromiseCompletingRunnable.run(Future.scala:24) ~[scala-library.jar:na]
	at scala.concurrent.forkjoin.ForkJoinTask$AdaptedRunnableAction.exec(ForkJoinTask.java:1361) ~[scala-library.jar:na]
	at scala.concurrent.forkjoin.ForkJoinTask.doExec(ForkJoinTask.java:260) ~[scala-library.jar:na]
	at scala.concurrent.forkjoin.ForkJoinPool$WorkQueue.runTask(ForkJoinPool.java:1339) ~[scala-library.jar:na]
	at scala.concurrent.forkjoin.ForkJoinPool.runWorker(ForkJoinPool.java:1979) ~[scala-library.jar:na]
	at scala.concurrent.forkjoin.ForkJoinWorkerThread.run(ForkJoinWorkerThread.java:107) ~[scala-library.jar:na]

2014-06-09 14:00:17,057 - [ERROR] - from application in New I/O worker #8 


! @6ife3mj33 - Internal server error, for (GET) [/people] ->

play.PlayExceptions$CompilationException: Compilation error[type mismatch;
 found   : scala.collection.immutable.List[models.People]
 required: java.util.List[models.People]]
	at play.PlayReloader$$anon$1$$anonfun$reload$2$$anonfun$apply$14$$anonfun$apply$16.apply(PlayReloader.scala:304) ~[na:na]
	at play.PlayReloader$$anon$1$$anonfun$reload$2$$anonfun$apply$14$$anonfun$apply$16.apply(PlayReloader.scala:304) ~[na:na]
	at scala.Option.map(Option.scala:145) ~[scala-library.jar:na]
	at play.PlayReloader$$anon$1$$anonfun$reload$2$$anonfun$apply$14.apply(PlayReloader.scala:304) ~[na:na]
	at play.PlayReloader$$anon$1$$anonfun$reload$2$$anonfun$apply$14.apply(PlayReloader.scala:298) ~[na:na]
	at scala.Option.map(Option.scala:145) ~[scala-library.jar:na]
	at play.PlayReloader$$anon$1$$anonfun$reload$2.apply(PlayReloader.scala:298) ~[na:na]
	at play.PlayReloader$$anon$1$$anonfun$reload$2.apply(PlayReloader.scala:296) ~[na:na]
	at scala.util.Either$LeftProjection.map(Either.scala:377) ~[scala-library.jar:na]
	at play.PlayReloader$$anon$1.reload(PlayReloader.scala:296) ~[na:na]
	at play.core.ReloadableApplication$$anonfun$get$1.apply(ApplicationProvider.scala:104) ~[play_2.10.jar:2.2.3]
	at play.core.ReloadableApplication$$anonfun$get$1.apply(ApplicationProvider.scala:102) ~[play_2.10.jar:2.2.3]
	at scala.concurrent.impl.Future$PromiseCompletingRunnable.liftedTree1$1(Future.scala:24) ~[scala-library.jar:na]
	at scala.concurrent.impl.Future$PromiseCompletingRunnable.run(Future.scala:24) ~[scala-library.jar:na]
	at scala.concurrent.forkjoin.ForkJoinTask$AdaptedRunnableAction.exec(ForkJoinTask.java:1361) ~[scala-library.jar:na]
	at scala.concurrent.forkjoin.ForkJoinTask.doExec(ForkJoinTask.java:260) ~[scala-library.jar:na]
	at scala.concurrent.forkjoin.ForkJoinPool$WorkQueue.runTask(ForkJoinPool.java:1339) ~[scala-library.jar:na]
	at scala.concurrent.forkjoin.ForkJoinPool.runWorker(ForkJoinPool.java:1979) ~[scala-library.jar:na]
	at scala.concurrent.forkjoin.ForkJoinWorkerThread.run(ForkJoinWorkerThread.java:107) ~[scala-library.jar:na]

2014-06-09 14:06:23,485 - [ERROR] - from application in New I/O worker #3 


! @6ife4hf4d - Internal server error, for (GET) [/people] ->

play.PlayExceptions$CompilationException: Compilation error[type mismatch;
 found   : scala.collection.immutable.List[models.People]
 required: java.util.List[models.People]]
	at play.PlayReloader$$anon$1$$anonfun$reload$2$$anonfun$apply$14$$anonfun$apply$16.apply(PlayReloader.scala:304) ~[na:na]
	at play.PlayReloader$$anon$1$$anonfun$reload$2$$anonfun$apply$14$$anonfun$apply$16.apply(PlayReloader.scala:304) ~[na:na]
	at scala.Option.map(Option.scala:145) ~[scala-library.jar:na]
	at play.PlayReloader$$anon$1$$anonfun$reload$2$$anonfun$apply$14.apply(PlayReloader.scala:304) ~[na:na]
	at play.PlayReloader$$anon$1$$anonfun$reload$2$$anonfun$apply$14.apply(PlayReloader.scala:298) ~[na:na]
	at scala.Option.map(Option.scala:145) ~[scala-library.jar:na]
	at play.PlayReloader$$anon$1$$anonfun$reload$2.apply(PlayReloader.scala:298) ~[na:na]
	at play.PlayReloader$$anon$1$$anonfun$reload$2.apply(PlayReloader.scala:296) ~[na:na]
	at scala.util.Either$LeftProjection.map(Either.scala:377) ~[scala-library.jar:na]
	at play.PlayReloader$$anon$1.reload(PlayReloader.scala:296) ~[na:na]
	at play.core.ReloadableApplication$$anonfun$get$1.apply(ApplicationProvider.scala:104) ~[play_2.10.jar:2.2.3]
	at play.core.ReloadableApplication$$anonfun$get$1.apply(ApplicationProvider.scala:102) ~[play_2.10.jar:2.2.3]
	at scala.concurrent.impl.Future$PromiseCompletingRunnable.liftedTree1$1(Future.scala:24) ~[scala-library.jar:na]
	at scala.concurrent.impl.Future$PromiseCompletingRunnable.run(Future.scala:24) ~[scala-library.jar:na]
	at scala.concurrent.forkjoin.ForkJoinTask$AdaptedRunnableAction.exec(ForkJoinTask.java:1361) ~[scala-library.jar:na]
	at scala.concurrent.forkjoin.ForkJoinTask.doExec(ForkJoinTask.java:260) ~[scala-library.jar:na]
	at scala.concurrent.forkjoin.ForkJoinPool$WorkQueue.runTask(ForkJoinPool.java:1339) ~[scala-library.jar:na]
	at scala.concurrent.forkjoin.ForkJoinPool.runWorker(ForkJoinPool.java:1979) ~[scala-library.jar:na]
	at scala.concurrent.forkjoin.ForkJoinWorkerThread.run(ForkJoinWorkerThread.java:107) ~[scala-library.jar:na]

2014-06-09 14:09:45,945 - [INFO] - from play in play-internal-execution-context-1 
database [default] connected at jdbc:mysql://localhost/people

2014-06-09 14:09:46,154 - [INFO] - from play in play-internal-execution-context-1 
Application started (Dev)

2014-06-09 14:10:15,444 - [INFO] - from play in play-internal-execution-context-1 
database [default] connected at jdbc:mysql://localhost/people

2014-06-09 14:10:15,727 - [INFO] - from play in play-internal-execution-context-1 
Application started (Dev)

2014-06-09 14:10:52,063 - [INFO] - from play in play-internal-execution-context-1 
database [default] connected at jdbc:mysql://localhost/people

2014-06-09 14:10:52,536 - [INFO] - from play in play-internal-execution-context-1 
Application started (Dev)

2014-06-09 14:11:29,504 - [INFO] - from play in play-internal-execution-context-1 
database [default] connected at jdbc:mysql://localhost/people

2014-06-09 14:11:29,760 - [INFO] - from play in play-internal-execution-context-1 
Application started (Dev)

